<?xml version="1.0" encoding="UTF-8"?>
<!-- Generated by org.testng.reporters.JUnitReportReporter -->
<testsuite hostname="LAPTOP-TT08JM1E" failures="0" tests="4" name="testNG.DriveACar" time="0.009" errors="0" timestamp="2022-11-10T22:24:21 IST" skipped="0">
  <testcase classname="testNG.DriveACar" name="start" time="0.002"/>
  <system-out/>
  <testcase classname="testNG.DriveACar" name="first" time="0.004"/>
  <system-out/>
  <testcase classname="testNG.DriveACar" name="second" time="0.001"/>
  <system-out/>
  <testcase classname="testNG.DriveACar" name="third" time="0.002"/>
  <system-out/>
</testsuite> <!-- testNG.DriveACar -->
