<?xml version="1.0" encoding="UTF-8"?>
<!-- Generated by org.testng.reporters.JUnitReportReporter -->
<testsuite hostname="LAPTOP-TT08JM1E" failures="0" tests="1" name="testNG.Assertions" time="0.107" errors="0" timestamp="2022-11-10T21:40:56 IST" skipped="0">
  <testcase classname="testNG.Assertions" name="checkEqual" time="0.107"/>
  <system-out/>
</testsuite> <!-- testNG.Assertions -->
