<?xml version="1.0" encoding="UTF-8"?>
<!-- Generated by org.testng.reporters.JUnitReportReporter -->
<testsuite hostname="LAPTOP-TT08JM1E" failures="0" tests="2" name="testNG.Parameterization" time="0.017" errors="0" timestamp="2022-11-10T22:19:16 IST" skipped="0">
  <testcase classname="testNG.Parameterization" name="name" time="0.014"/>
  <system-out/>
  <testcase classname="testNG.Parameterization" name="readName" time="0.003"/>
  <system-out/>
</testsuite> <!-- testNG.Parameterization -->
