<?xml version="1.0" encoding="UTF-8"?>
<!-- Generated by org.testng.reporters.JUnitReportReporter -->
<testsuite hostname="LAPTOP-TT08JM1E" failures="0" tests="2" name="testNG.ParallelTesting" time="24.225" errors="0" timestamp="2022-11-10T22:31:36 IST" skipped="0">
  <testcase classname="testNG.ParallelTesting" name="bing" time="9.986"/>
  <system-out/>
  <testcase classname="testNG.ParallelTesting" name="google" time="14.239"/>
  <system-out/>
</testsuite> <!-- testNG.ParallelTesting -->
