<?xml version="1.0" encoding="UTF-8"?>
<!-- Generated by org.testng.reporters.JUnitReportReporter -->
<testsuite hostname="LAPTOP-TT08JM1E" failures="0" tests="4" name="testNG.Grouping" time="0.018" errors="0" timestamp="2022-11-10T22:19:45 IST" skipped="0">
  <testcase classname="testNG.Grouping" name="vivo2" time="0.001"/>
  <system-out/>
  <testcase classname="testNG.Grouping" name="apple1" time="0.013"/>
  <system-out/>
  <testcase classname="testNG.Grouping" name="vivo1" time="0.002"/>
  <system-out/>
  <testcase classname="testNG.Grouping" name="apple2" time="0.002"/>
  <system-out/>
</testsuite> <!-- testNG.Grouping -->
