<?xml version="1.0" encoding="UTF-8"?>
<!-- Generated by org.testng.reporters.JUnitReportReporter -->
<testsuite hostname="LAPTOP-TT08JM1E" failures="0" tests="2" name="testNG.Annotations" time="0.010" errors="0" timestamp="2022-11-10T21:40:45 IST" skipped="0">
  <testcase classname="testNG.Annotations" name="test" time="0.008"/>
  <system-out/>
  <testcase classname="testNG.Annotations" name="test2" time="0.002"/>
  <system-out/>
</testsuite> <!-- testNG.Annotations -->
