<?xml version="1.0" encoding="UTF-8"?>
<!-- Generated by org.testng.reporters.JUnitReportReporter -->
<testsuite hostname="LAPTOP-TT08JM1E" failures="0" tests="3" name="testNG.SuiteExample" time="33.368" errors="0" timestamp="2022-11-10T22:24:21 IST" skipped="0">
  <testcase classname="testNG.SuiteExample" name="bing" time="3.803"/>
  <system-out/>
  <testcase classname="testNG.SuiteExample" name="google" time="23.774"/>
  <system-out/>
  <testcase classname="testNG.SuiteExample" name="yahoo" time="5.791"/>
  <system-out/>
</testsuite> <!-- testNG.SuiteExample -->
