<?xml version="1.0" encoding="UTF-8"?>
<!-- Generated by org.testng.reporters.JUnitReportReporter -->
<testsuite hostname="LAPTOP-TT08JM1E" failures="0" tests="3" name="testNG.DependenciesManagement" time="0.012" errors="0" timestamp="2022-11-10T22:24:21 IST" skipped="0">
  <testcase classname="testNG.DependenciesManagement" name="highSchool" time="0.008"/>
  <system-out/>
  <testcase classname="testNG.DependenciesManagement" name="engineering" time="0.002"/>
  <system-out/>
  <testcase classname="testNG.DependenciesManagement" name="higherSecondary" time="0.002"/>
  <system-out/>
</testsuite> <!-- testNG.DependenciesManagement -->
