<?xml version="1.0" encoding="UTF-8"?>
<!-- Generated by org.testng.reporters.JUnitReportReporter -->
<testsuite hostname="LAPTOP-TT08JM1E" failures="0" tests="5" name="testNG.SkipTest" time="0.005" errors="0" timestamp="2022-11-10T22:24:21 IST" skipped="1">
  <testcase classname="testNG.SkipTest" name="start" time="0.001"/>
  <system-out/>
  <testcase classname="testNG.SkipTest" name="first" time="0.001"/>
  <system-out/>
  <testcase classname="testNG.SkipTest" name="second" time="0.002"/>
  <system-out/>
  <testcase classname="testNG.SkipTest" name="third" time="0.001"/>
  <system-out/>
  <testcase classname="testNG.SkipTest" name="music">
    <skipped/>
  </testcase> <!-- music -->
  <system-out/>
</testsuite> <!-- testNG.SkipTest -->
