<?xml version="1.0" encoding="UTF-8"?>
<!-- Generated by org.testng.reporters.JUnitReportReporter -->
<testsuite hostname="LAPTOP-TT08JM1E" failures="0" tests="4" name="testNG.Sample" time="0.024" errors="0" timestamp="2022-11-10T21:42:37 IST" skipped="0">
  <testcase classname="testNG.Sample" name="firstTestCase" time="0.016"/>
  <system-out/>
  <testcase classname="testNG.Sample" name="secondTestCase" time="0.003"/>
  <system-out/>
  <testcase classname="testNG.Sample" name="thirdTestCase" time="0.003"/>
  <system-out/>
  <testcase classname="testNG.Sample" name="fourthTestCase" time="0.002"/>
  <system-out/>
</testsuite> <!-- testNG.Sample -->
